[debug] [2021-07-16T19:06:07.621Z] ----------------------------------------------------------------------
[debug] [2021-07-16T19:06:07.622Z] Command:       /home/majeddalain/.nvm/versions/node/v14.16.0/bin/node /home/majeddalain/.nvm/versions/node/v14.16.0/bin/firebase init
[debug] [2021-07-16T19:06:07.622Z] CLI Version:   9.16.0
[debug] [2021-07-16T19:06:07.622Z] Platform:      linux
[debug] [2021-07-16T19:06:07.623Z] Node Version:  v14.16.0
[debug] [2021-07-16T19:06:07.623Z] Time:          Fri Jul 16 2021 21:06:07 GMT+0200 (Central European Summer Time)
[debug] [2021-07-16T19:06:07.623Z] ----------------------------------------------------------------------
[debug] 
[debug] [2021-07-16T19:06:07.624Z] >>> [apiv2][query] GET https://firebase-public.firebaseio.com/cli.json [none]
[debug] [2021-07-16T19:06:07.638Z] > command requires scopes: ["email","openid","https://www.googleapis.com/auth/cloudplatformprojects.readonly","https://www.googleapis.com/auth/firebase","https://www.googleapis.com/auth/cloud-platform"]
[debug] [2021-07-16T19:06:07.638Z] > authorizing via signed-in user (m.dalain1990@gmail.com)
[info] 
     ######## #### ########  ######## ########     ###     ######  ########
     ##        ##  ##     ## ##       ##     ##  ##   ##  ##       ##
     ######    ##  ########  ######   ########  #########  ######  ######
     ##        ##  ##    ##  ##       ##     ## ##     ##       ## ##
     ##       #### ##     ## ######## ########  ##     ##  ######  ########

You're about to initialize a Firebase project in this directory:

  /home/majeddalain/Desktop/SideProjects/companiescheck

[debug] [2021-07-16T19:06:08.145Z] <<< [apiv2][status] GET https://firebase-public.firebaseio.com/cli.json 200
[debug] [2021-07-16T19:06:08.146Z] <<< [apiv2][body] GET https://firebase-public.firebaseio.com/cli.json {"cloudBuildErrorAfter":1594252800000,"cloudBuildWarnAfter":1590019200000,"defaultNode10After":1594252800000,"minVersion":"3.0.5","node8DeploysDisabledAfter":1613390400000,"node8RuntimeDisabledAfter":1615809600000,"node8WarnAfter":1600128000000}
